<?xml version="1.0" encoding="UTF-8"?>

<mule xmlns:xsi="http://www.w3.org/2001/XMLSchema-instance"
	xmlns:munit="http://www.mulesoft.org/schema/mule/munit" xmlns:munit-tools="http://www.mulesoft.org/schema/mule/munit-tools"
	xmlns="http://www.mulesoft.org/schema/mule/core" xmlns:doc="http://www.mulesoft.org/schema/mule/documentation"
	xsi:schemaLocation="
		http://www.mulesoft.org/schema/mule/core http://www.mulesoft.org/schema/mule/core/current/mule.xsd
		http://www.mulesoft.org/schema/mule/munit http://www.mulesoft.org/schema/mule/munit/current/mule-munit.xsd
		http://www.mulesoft.org/schema/mule/munit-tools  http://www.mulesoft.org/schema/mule/munit-tools/current/mule-munit-tools.xsd">
	<munit:config name="test-suite-lock-flow.xml" >
		<munit:parameterizations file="lock.yaml" />
	</munit:config>
	<munit:test name="implementation-test-suite-lockFlowTest" doc:id="a4432e5f-b768-4962-ba96-a1766846d6b4" description="Test">
		<munit:behavior >
			<munit-tools:mock-when doc:name="before object store" doc:id="be92c5f4-c615-44ae-93f3-7a2577055ad8" processor="os:retrieve" >
				<munit-tools:with-attributes >
					<munit-tools:with-attribute whereValue="Retrieve" attributeName="doc:name" />
					<munit-tools:with-attribute whereValue="e2f59281-d24c-488f-9fb8-9571035765a1" attributeName="doc:id" />
				</munit-tools:with-attributes>
				<munit-tools:then-return >
					<munit-tools:payload value='#[%dw 2.0 output application/json --- p("initial-retrieve")]' mediaType="application/json" encoding="UTF-8" />
				</munit-tools:then-return>
			</munit-tools:mock-when>
			<munit-tools:mock-when doc:name="current = lock" doc:id="b4493c73-2c17-4e38-9a39-f8939975f329" processor="os:store" >
				<munit-tools:with-attributes >
					<munit-tools:with-attribute whereValue="current=lock" attributeName="doc:name" />
					<munit-tools:with-attribute whereValue="6b33b7f3-96bb-4405-a763-5434896d4782" attributeName="doc:id" />
				</munit-tools:with-attributes>
				<munit-tools:then-return >
					<munit-tools:payload value='#[%dw 2.0 output application/json --- p("store")]' mediaType="application/json" encoding="UTF-8" />
				</munit-tools:then-return>
			</munit-tools:mock-when>
			<munit-tools:mock-when doc:name="after object store" doc:id="2797e43b-b63b-46bd-8dd6-533bf8f57b45" processor="os:retrieve" >
				<munit-tools:with-attributes >
					<munit-tools:with-attribute whereValue="Retrieve" attributeName="doc:name" />
					<munit-tools:with-attribute whereValue="483a3a89-ed6c-45a5-be78-90f0455a29d9" attributeName="doc:id" />
				</munit-tools:with-attributes>
				<munit-tools:then-return >
					<munit-tools:payload value='#[%dw 2.0 output application/json --- p("after-store")]' mediaType="application/json" encoding="UTF-8" />
				</munit-tools:then-return>
			</munit-tools:mock-when>
		</munit:behavior>
		<munit:execution >
			<flow-ref doc:name="Flow-ref to lockFlow" doc:id="ee8248c7-babc-4dfa-bacc-7c28dd878e91" name="lockFlow" />
		</munit:execution>
		<munit:validation >
			<munit-tools:assert-equals doc:name="Assert equals" doc:id="9a21c80a-6f0e-4d77-8be3-039cb420faa0" actual='#[payload.status]' expected='#[p("output")]' />
		</munit:validation>
	</munit:test>

</mule>
