<?xml version="1.0" encoding="UTF-8"?>

<mule xmlns:ee="http://www.mulesoft.org/schema/mule/ee/core"
	xmlns:xsi="http://www.w3.org/2001/XMLSchema-instance" xmlns:munit="http://www.mulesoft.org/schema/mule/munit"
	xmlns:munit-tools="http://www.mulesoft.org/schema/mule/munit-tools" xmlns="http://www.mulesoft.org/schema/mule/core"
	xmlns:doc="http://www.mulesoft.org/schema/mule/documentation" xsi:schemaLocation="
		http://www.mulesoft.org/schema/mule/core http://www.mulesoft.org/schema/mule/core/current/mule.xsd
		http://www.mulesoft.org/schema/mule/munit http://www.mulesoft.org/schema/mule/munit/current/mule-munit.xsd
		http://www.mulesoft.org/schema/mule/munit-tools  http://www.mulesoft.org/schema/mule/munit-tools/current/mule-munit-tools.xsd
http://www.mulesoft.org/schema/mule/ee/core http://www.mulesoft.org/schema/mule/ee/core/current/mule-ee.xsd">
	<munit:config name="implementation-test-suite.xml" >
		<munit:parameterizations file="start.yaml" />
	</munit:config>
	<munit:test name="implementation-test-suite-implementationFlowTest" doc:id="cbf8bbcd-4f11-4cf2-8f38-1f2caef05418" description="Test">
		<munit:behavior >
			<munit-tools:mock-when doc:name="before object store" doc:id="8eb71956-3dcc-42e2-8f79-09d23a0db5ee" processor="os:retrieve">
				<munit-tools:with-attributes >
					<munit-tools:with-attribute whereValue="Retrieve" attributeName="doc:name" />
					<munit-tools:with-attribute whereValue="6e1354f3-c78c-455d-87e3-b25f445240c7" attributeName="doc:id" />
				</munit-tools:with-attributes>
				<munit-tools:then-return >
					<munit-tools:payload value='#[%dw 2.0 output application/json --- p("initial-retrieve")]' mediaType="application/json" encoding="UTF-8" />
				</munit-tools:then-return>
			</munit-tools:mock-when>
			<munit-tools:mock-when doc:name="current = start" doc:id="b89486f9-1faf-4675-9e30-f3166375293c" processor="os:store">
				<munit-tools:with-attributes >
					<munit-tools:with-attribute whereValue="current=start" attributeName="doc:name" />
					<munit-tools:with-attribute whereValue="6f48b52f-4a68-45f8-acce-86693f04c016" attributeName="doc:id" />
				</munit-tools:with-attributes>
				<munit-tools:then-return >
					<munit-tools:payload value='#[%dw 2.0 output application/json --- p("store")]' mediaType="application/json" encoding="UTF-8" />
				</munit-tools:then-return>
			</munit-tools:mock-when>
			<munit-tools:mock-when doc:name="after object store" doc:id="c9739dc4-e9db-4a8f-a0d9-30213a35a2eb" processor="os:retrieve">
				<munit-tools:with-attributes >
					<munit-tools:with-attribute whereValue="Retrieve" attributeName="doc:name" />
					<munit-tools:with-attribute whereValue="9e5a08f1-6d74-44ab-a94a-49a45b7296cd" attributeName="doc:id" />
				</munit-tools:with-attributes>
				<munit-tools:then-return >
					<munit-tools:payload value='#[%dw 2.0 output application/json --- p("after-store")]' mediaType="application/json" encoding="UTF-8" />
				</munit-tools:then-return>
			</munit-tools:mock-when>
		</munit:behavior>
		<munit:execution >
			<flow-ref doc:name="Flow-ref to implementationFlow" doc:id="7d6a509a-05eb-4b75-9a3c-bfad27220bf1" name="startFlow"/>
		</munit:execution>
		<munit:validation>
			<munit-tools:assert-equals doc:name="Assert equals" doc:id="650a045e-b64e-41d8-b7ed-fd2589a3d3ee" actual="#[payload.status]" expected='#[p("output")]'/>
		</munit:validation>
	</munit:test>

</mule>
