<?xml version="1.0" encoding="UTF-8"?>

<mule xmlns:xsi="http://www.w3.org/2001/XMLSchema-instance"
	xmlns:munit="http://www.mulesoft.org/schema/mule/munit" xmlns:munit-tools="http://www.mulesoft.org/schema/mule/munit-tools"
	xmlns="http://www.mulesoft.org/schema/mule/core" xmlns:doc="http://www.mulesoft.org/schema/mule/documentation"
	xsi:schemaLocation="
		http://www.mulesoft.org/schema/mule/core http://www.mulesoft.org/schema/mule/core/current/mule.xsd
		http://www.mulesoft.org/schema/mule/munit http://www.mulesoft.org/schema/mule/munit/current/mule-munit.xsd
		http://www.mulesoft.org/schema/mule/munit-tools  http://www.mulesoft.org/schema/mule/munit-tools/current/mule-munit-tools.xsd">
	<munit:config name="test-suite-process-flow.xml" >
		<munit:parameterizations file="process.yaml" />
	</munit:config>
	<munit:test name="implementation-test-suite-processFlowTest" doc:id="02f7f21d-faee-432b-90fb-bdd10b7ded98" description="Test">
		<munit:behavior >
			<munit-tools:mock-when doc:name="before object store" doc:id="820f762e-80a1-4eb3-ab33-b46c1d93cd65" processor="os:retrieve" >
				<munit-tools:with-attributes >
					<munit-tools:with-attribute whereValue="Retrieve" attributeName="doc:name" />
					<munit-tools:with-attribute whereValue="5390776a-86d9-4a52-98e5-53f3c22ec62a" attributeName="doc:id" />
				</munit-tools:with-attributes>
				<munit-tools:then-return >
					<munit-tools:payload value='#[%dw 2.0 output application/json --- p("initial-retrieve")]' mediaType="application/json" encoding="UTF-8" />
				</munit-tools:then-return>
			</munit-tools:mock-when>
			<munit-tools:mock-when doc:name="current = process" doc:id="9adaa6f0-6eb1-4297-9e0d-e3d63a1c31fe" processor="os:store" >
				<munit-tools:with-attributes >
					<munit-tools:with-attribute whereValue="current=process" attributeName="doc:name" />
					<munit-tools:with-attribute whereValue="37503a2d-0a61-4925-ad41-62dd5b47cd3b" attributeName="doc:id" />
				</munit-tools:with-attributes>
				<munit-tools:then-return >
					<munit-tools:payload value='#[%dw 2.0 output application/json --- p("store")]' mediaType="application/json" encoding="UTF-8" />
				</munit-tools:then-return>
			</munit-tools:mock-when>
			<munit-tools:mock-when doc:name="after object store" doc:id="1912d85b-146d-4dce-b0e7-a54520f12e9d" processor="os:retrieve" >
				<munit-tools:with-attributes >
					<munit-tools:with-attribute whereValue="Retrieve" attributeName="doc:name" />
					<munit-tools:with-attribute whereValue="0d3db7de-1314-4f75-9196-4d8ac45b5fd9" attributeName="doc:id" />
				</munit-tools:with-attributes>
				<munit-tools:then-return >
					<munit-tools:payload value='#[%dw 2.0 output application/json --- p("after-store")]' mediaType="application/json" encoding="UTF-8" />
				</munit-tools:then-return>
			</munit-tools:mock-when>
		</munit:behavior>
		<munit:execution >
			<flow-ref doc:name="Flow-ref to processFlow" doc:id="f844a3bc-3276-49d3-8d3b-d4422e363717" name="processFlow" />
		</munit:execution>
		<munit:validation >
			<munit-tools:assert-equals doc:name="Assert equals" doc:id="0cc36f02-bb31-4523-8c5b-97947dd0724f" actual='#[payload.status]' expected='#[p("output")]' />
		</munit:validation>
	</munit:test>

</mule>
